


                  ##################################################
                  ##                                              ##
                  ##         C A L I B R E    S Y S T E M         ##
                  ##                                              ##
                  ##             L V S   R E P O R T              ##
                  ##                                              ##
                  ##################################################



REPORT FILE NAME:         /tools/B/rahulkumar/sky130/calibre/build/test_run_lvs_col_inv/lvs_results.rpt
LAYOUT NAME:              /tools/B/rahulkumar/sky130/calibre/examples/gds/test_col_inv_array.gds
SOURCE NAME:              /tools/B/rahulkumar/sky130/calibre/build/test_run_lvs_col_inv/source.spice ('col_inv_array')
RULE FILE:                /tools/B/rahulkumar/sky130/calibre/build/test_run_lvs_col_inv/lvs_run_file
LVS MODE:                 Mask
RULE FILE NAME:           /tools/B/rahulkumar/sky130/calibre/build/test_run_lvs_col_inv/lvs_run_file
CREATION TIME:            Sat Nov 12 17:56:13 2022
CURRENT DIRECTORY:        /tools/B/rahulkumar/sky130/calibre
USER NAME:                rahulkumar
CALIBRE VERSION:          v2020.3_16.11    Wed Jul 1 14:09:43 PDT 2020


**************************************************************************************************************
                               OVERALL COMPARISON RESULTS
**************************************************************************************************************


                         #       ###################       _   _   
                        #        #                 #       *   *   
                   #   #         #     CORRECT     #         |     
                    # #          #                 #       \___/  
                     #           ###################               



--------------------------------------------------------------------------------------------------------------

INITIAL NUMBERS OF OBJECTS
--------------------------

                Layout    Source         Component Type
                ------    ------         --------------
 Nets:            1132        66    *

 Instances:         32        32         MN (4 pins)
                    32        32         MP (4 pins)
                     1         0    *    Dpar (2 pins)
                ------    ------
 Total Inst:        65        64


NUMBERS OF OBJECTS AFTER TRANSFORMATION
---------------------------------------

                Layout    Source         Component Type
                ------    ------         --------------
 Nets:              66        66

 Instances:         32        32         MN (4 pins)
                    32        32         MP (4 pins)
                ------    ------
 Total Inst:        64        64


       * = Number of objects in layout different from number in source.



**************************************************************************************************************
                                      LVS PARAMETERS
**************************************************************************************************************


o LVS Setup:

   // LVS COMPONENT TYPE PROPERTY
   // LVS COMPONENT SUBTYPE PROPERTY
   // LVS PIN NAME PROPERTY
   LVS POWER NAME                         "VPWR"
   LVS GROUND NAME                        "VGND"
   LVS CELL SUPPLY                        NO
   LVS RECOGNIZE GATES                    NONE
   // LVS HCELL REPORT
   LVS IGNORE PORTS                       YES
   LVS CHECK PORT NAMES                   YES
   LVS IGNORE TRIVIAL NAMED PORTS         NO
   LVS BUILTIN DEVICE PIN SWAP            YES
   LVS ALL CAPACITOR PINS SWAPPABLE       NO
   LVS DISCARD PINS BY DEVICE             YES
   LVS SOFT SUBSTRATE PINS                NO
   LVS INJECT LOGIC                       YES
   LVS EXPAND UNBALANCED CELLS            YES
   LVS FLATTEN INSIDE CELL                NO
   LVS EXPAND SEED PROMOTIONS             NO
   LVS PRESERVE PARAMETERIZED CELLS       NO
   LVS GLOBALS ARE PORTS                  YES
   LVS REVERSE WL                         NO
   LVS SPICE PREFER PINS                  YES
   LVS SPICE SLASH IS SPACE               NO
   LVS SPICE ALLOW FLOATING PINS          YES
   LVS SPICE ALLOW INLINE PARAMETERS      NO
   LVS SPICE ALLOW UNQUOTED STRINGS       YES
   LVS SPICE CONDITIONAL LDD              NO
   LVS SPICE CULL PRIMITIVE SUBCIRCUITS   NO
   // LVS SPICE EXCLUDE CELL SOURCE
   // LVS SPICE EXCLUDE CELL LAYOUT
   LVS SPICE IMPLIED MOS AREA             NO
   // LVS SPICE MULTIPLIER NAME
   LVS SPICE OVERRIDE GLOBALS             YES
   LVS SPICE REDEFINE PARAM               YES
   LVS SPICE REPLICATE DEVICES            YES
   LVS SPICE SCALE X PARAMETERS           NO
   LVS SPICE STRICT WL                    YES
   // LVS SPICE OPTION
   LVS STRICT SUBTYPES                    YES
   LVS EXACT SUBTYPES                     NO
   LAYOUT CASE                            NO
   SOURCE CASE                            NO
   LVS COMPARE CASE                       NO
   LVS COMPARE CASE STRICT                NO
   LVS DOWNCASE DEVICE                    NO
   LVS REPORT MAXIMUM                     10000
   LVS PROPERTY RESOLUTION MAXIMUM        ALL
   LVS SIGNATURE MAXIMUM                  ALL
   LVS FILTER UNUSED OPTION               AB
   // LVS REPORT OPTION
   LVS REPORT UNITS                       YES
   // LVS NON USER NAME PORT
   LVS NON USER NAME NET                  "^n[0-9]*$" "^net[0-9]*$"
   // LVS NON USER NAME INSTANCE
   // LVS IGNORE DEVICE PIN
   // LVS PREFER NETS FILTER SOURCE
   // LVS PREFER NETS FILTER LAYOUT
   LVS PREFER PORT NETS                   NO
   LVS EXPAND ON ERROR                    NO

   // Device Type Map

   LVS DEVICE TYPE                        RESISTOR "mrdn" SOURCE LAYOUT
   LVS DEVICE TYPE                        RESISTOR "mrdn_hv" SOURCE LAYOUT
   LVS DEVICE TYPE                        RESISTOR "mrdp" SOURCE LAYOUT
   LVS DEVICE TYPE                        RESISTOR "mrdp_hv" SOURCE LAYOUT
   LVS DEVICE TYPE                        RESISTOR "xhrpoly_0p35" SOURCE LAYOUT
   LVS DEVICE TYPE                        RESISTOR "xuhrpoly_0p35" SOURCE LAYOUT
   LVS DEVICE TYPE                        RESISTOR "xhrpoly_0p69" SOURCE LAYOUT
   LVS DEVICE TYPE                        RESISTOR "xuhrpoly_0p69" SOURCE LAYOUT
   LVS DEVICE TYPE                        RESISTOR "xhrpoly_1p41" SOURCE LAYOUT
   LVS DEVICE TYPE                        RESISTOR "xuhrpoly_1p41" SOURCE LAYOUT
   LVS DEVICE TYPE                        RESISTOR "xhrpoly_2p85" SOURCE LAYOUT
   LVS DEVICE TYPE                        RESISTOR "xuhrpoly_2p85" SOURCE LAYOUT
   LVS DEVICE TYPE                        RESISTOR "xhrpoly_5p73" SOURCE LAYOUT
   LVS DEVICE TYPE                        RESISTOR "xuhrpoly_5p73" SOURCE LAYOUT
   LVS DEVICE TYPE                        RESISTOR "xhrpoly" SOURCE LAYOUT
   LVS DEVICE TYPE                        RESISTOR "xuhrpoly" SOURCE LAYOUT

   // Reduction

   LVS REDUCE SERIES MOS                  NO
   LVS REDUCE PARALLEL MOS                NO
   LVS REDUCE SEMI SERIES MOS             NO
   LVS REDUCE SPLIT GATES                 YES [ TOLERANCE l 1 w 1 ]
   LVS REDUCE PARALLEL BIPOLAR            NO
   LVS REDUCE SERIES CAPACITORS           NO
   LVS REDUCE PARALLEL CAPACITORS         NO
   LVS REDUCE SERIES RESISTORS            NO
   LVS REDUCE PARALLEL RESISTORS          NO
   LVS REDUCE PARALLEL DIODES             YES

   LVS REDUCE  condiode  PARALLEL
   LVS REDUCE  condiodeHvPsub  PARALLEL
   LVS REDUCE  p20vhv1  PARALLEL [ TOLERANCE l 1 w 1 ]
   LVS REDUCE  n20vhv1  PARALLEL [ TOLERANCE l 1 w 1 ]
   LVS REDUCE  n20vhviso1  PARALLEL [ TOLERANCE l 1 w 1 ]
   LVS REDUCE  nvhv  PARALLEL [ TOLERANCE l 1 w 1 ]
   LVS REDUCE  pvhv  PARALLEL [ TOLERANCE l 1 w 1 ]
   LVS REDUCE  MP  PARALLEL [ TOLERANCE l 1 w 1 ]
   LVS REDUCE  M  PARALLEL [ TOLERANCE l 1 w 1 ]
   LVS REDUCE  MN  PARALLEL [ TOLERANCE l 1 w 1 ]
   LVS REDUCE  Q(npnpar1x1)  PARALLEL
   LVS REDUCE  Q(npnpar1x2)  PARALLEL
   LVS REDUCE  Q(npn_1x1_2p0_hv)  PARALLEL
   LVS REDUCE  Q(pnppar)  PARALLEL [ TOLERANCE bArea 1 bPeri 1 eArea 1 ePeri 1 ]
   LVS REDUCE  Q(pnppar5x)  PARALLEL [ TOLERANCE bArea 1 bPeri 1 eArea 1 ePeri 1 ]
   LVS REDUCE  D  PARALLEL [ TOLERANCE a 1 p 1 ]
   LVS REDUCE  D  SERIES POS NEG NO
   LVS REDUCE  C(xcmimc1)  PARALLEL [ TOLERANCE w 1 l 1 ]
   LVS REDUCE  C(xcmimc2)  PARALLEL [ TOLERANCE w 1 l 1 ]
   LVS REDUCE  R(mrp1)  PARALLEL [ TOLERANCE w 1 l 1 ]
   LVS REDUCE  R  PARALLEL [ TOLERANCE w 1 l 1 ]
   LVS REDUCE  R  SERIES POS NEG NO
   LVS REDUCE  R(short)  PARALLEL
   LVS REDUCE  R(short)  SERIES POS NEG NO
   LVS REDUCE  R(fuse)  PARALLEL NO
   LVS REDUCE  R(fuse)  SERIES POS NEG NO
   LVS REDUCE  R(metop)  PARALLEL [ TOLERANCE metopNumber 0 ]
   LVS REDUCE  R(metop)  SERIES POS NEG NO
   LVS REDUCTION PRIORITY                 PARALLEL
   
   LVS SHORT EQUIVALENT NODES             NO

   // Filter

   LVS FILTER  R(cds_thru)  SHORT SOURCE
   LVS FILTER  R(cds_thru)  SHORT LAYOUT
   LVS FILTER  Dpar  OPEN SOURCE
   LVS FILTER  Dpar  OPEN LAYOUT
   LVS FILTER  Dpar(DNWDIODE_PW)  OPEN SOURCE
   LVS FILTER  Dpar(DNWDIODE_PW)  OPEN LAYOUT
   LVS FILTER  Probe  OPEN SOURCE
   LVS FILTER  Probe  OPEN LAYOUT
   LVS FILTER  icecap  OPEN SOURCE
   LVS FILTER  s8fmlt_iref_termx  OPEN SOURCE
   LVS FILTER  s8fmlt_neg_termx  OPEN SOURCE
   LVS FILTER  s8fmlt_termx  OPEN SOURCE
   LVS FILTER  s8fmlt_vdac_termx  OPEN SOURCE
   LVS FILTER  diff_dev  OPEN SOURCE
   LVS FILTER  diff_dev  OPEN LAYOUT
   LVS FILTER  tap_dev  OPEN SOURCE
   LVS FILTER  tap_dev  OPEN LAYOUT
   LVS FILTER  cad_dummy_open_device  OPEN SOURCE
   LVS FILTER  cad_dummy_open_device  OPEN LAYOUT

   // Trace Property

   TRACE PROPERTY  xcnwvc  m m 0
   TRACE PROPERTY  xcnwvc  w w 0
   TRACE PROPERTY  xcnwvc  l l 0
   TRACE PROPERTY  xcnwvc2  m m 0
   TRACE PROPERTY  xcnwvc2  w w 0
   TRACE PROPERTY  xcnwvc2  l l 0
   TRACE PROPERTY  xchvnwc  m m 0
   TRACE PROPERTY  q(npnpar1x1)  m m 0
   TRACE PROPERTY  q(npnpar1x2)  m m 0
   TRACE PROPERTY  q(npn_1x1_2p0_hv)  m m 0
   TRACE PROPERTY  q(pnppar)  barea barea 0
   TRACE PROPERTY  q(pnppar)  bperi bperi 0
   TRACE PROPERTY  q(pnppar)  earea earea 0
   TRACE PROPERTY  q(pnppar)  eperi eperi 0
   TRACE PROPERTY  q(pnppar)  m m 0
   TRACE PROPERTY  q(pnppar5x)  barea barea 0
   TRACE PROPERTY  q(pnppar5x)  bperi bperi 0
   TRACE PROPERTY  q(pnppar5x)  earea earea 0
   TRACE PROPERTY  q(pnppar5x)  eperi eperi 0
   TRACE PROPERTY  q(pnppar5x)  m m 0
   TRACE PROPERTY  d(ndiode)  a a 1
   TRACE PROPERTY  d(ndiode)  p p 1
   TRACE PROPERTY  d(ndiode)  m m 0
   TRACE PROPERTY  d(ndiode_h)  a a 1
   TRACE PROPERTY  d(ndiode_h)  p p 1
   TRACE PROPERTY  d(ndiode_h)  m m 0
   TRACE PROPERTY  d(xesd_ndiode_h_100)  a a 1
   TRACE PROPERTY  d(xesd_ndiode_h_100)  p p 1
   TRACE PROPERTY  d(xesd_ndiode_h_100)  m m 0
   TRACE PROPERTY  d(xesd_ndiode_h_200)  a a 1
   TRACE PROPERTY  d(xesd_ndiode_h_200)  p p 1
   TRACE PROPERTY  d(xesd_ndiode_h_200)  m m 0
   TRACE PROPERTY  d(xesd_ndiode_h_300)  a a 1
   TRACE PROPERTY  d(xesd_ndiode_h_300)  p p 1
   TRACE PROPERTY  d(xesd_ndiode_h_300)  m m 0
   TRACE PROPERTY  d(pdiode)  a a 1
   TRACE PROPERTY  d(pdiode)  p p 1
   TRACE PROPERTY  d(pdiode)  m m 0
   TRACE PROPERTY  d(pdiode_h)  a a 1
   TRACE PROPERTY  d(pdiode_h)  p p 1
   TRACE PROPERTY  d(pdiode_h)  m m 0
   TRACE PROPERTY  d(xesd_pdiode_h_100)  a a 1
   TRACE PROPERTY  d(xesd_pdiode_h_100)  p p 1
   TRACE PROPERTY  d(xesd_pdiode_h_100)  m m 0
   TRACE PROPERTY  d(xesd_pdiode_h_200)  a a 1
   TRACE PROPERTY  d(xesd_pdiode_h_200)  p p 1
   TRACE PROPERTY  d(xesd_pdiode_h_200)  m m 0
   TRACE PROPERTY  d(xesd_pdiode_h_300)  a a 1
   TRACE PROPERTY  d(xesd_pdiode_h_300)  p p 1
   TRACE PROPERTY  d(xesd_pdiode_h_300)  m m 0
   TRACE PROPERTY  d(dnwdiode_psub)  a a 1
   TRACE PROPERTY  d(dnwdiode_psub)  p p 1
   TRACE PROPERTY  d(dnwdiode_psub)  m m 0
   TRACE PROPERTY  d(xesd_ndiode_h_dnwl_100)  a a 1
   TRACE PROPERTY  d(xesd_ndiode_h_dnwl_100)  p p 1
   TRACE PROPERTY  d(xesd_ndiode_h_dnwl_100)  m m 0
   TRACE PROPERTY  d(xesd_ndiode_h_dnwl_200)  a a 1
   TRACE PROPERTY  d(xesd_ndiode_h_dnwl_200)  p p 1
   TRACE PROPERTY  d(xesd_ndiode_h_dnwl_200)  m m 0
   TRACE PROPERTY  d(xesd_ndiode_h_dnwl_300)  a a 1
   TRACE PROPERTY  d(xesd_ndiode_h_dnwl_300)  p p 1
   TRACE PROPERTY  d(xesd_ndiode_h_dnwl_300)  m m 0
   TRACE PROPERTY  xcmvpp  m m 0
   TRACE PROPERTY  xcmvpp_2  m m 0
   TRACE PROPERTY  xcmvpp2_nhvnative10x4  m m 0
   TRACE PROPERTY  xcmvpp2_phv5x4  m m 0
   TRACE PROPERTY  xcmvpp_hd5_atlas_fingercap2_l5  m m 0
   TRACE PROPERTY  xcmvpp_hd5_atlas_wafflecap2  m m 0
   TRACE PROPERTY  xcmvpp_hd5_atlas_wafflecap1  m m 0
   TRACE PROPERTY  xcmvpp_hd5_atlas_fingercap_l40  m m 0
   TRACE PROPERTY  xcmvpp_hd5_atlas_fingercap_l20  m m 0
   TRACE PROPERTY  xcmvpp_hd5_atlas_fingercap_l10  m m 0
   TRACE PROPERTY  xcmvpp_hd5_atlas_fingercap_l5  m m 0
   TRACE PROPERTY  xcmvpp_hd5_5x2_met5pullin  m m 0
   TRACE PROPERTY  xcmvpp_hd5_5x2  m m 0
   TRACE PROPERTY  xcmvpp_hd5_5x1_met5pullin  m m 0
   TRACE PROPERTY  xcmvpp_hd5_5x1  m m 0
   TRACE PROPERTY  xcmvpp_hd5_4x2  m m 0
   TRACE PROPERTY  xcmvpp_hd5_4x1  m m 0
   TRACE PROPERTY  xcmvpp_hd5_3x2  m m 0
   TRACE PROPERTY  xcmvpp_hd5_3x1  m m 0
   TRACE PROPERTY  xcmvpp_hd5_2x2  m m 0
   TRACE PROPERTY  xcmvpp_hd5_2x1  m m 0
   TRACE PROPERTY  xcmvpp_hd5_1x2  m m 0
   TRACE PROPERTY  xcmvpp_hd5_1x1  m m 0
   TRACE PROPERTY  xcmvppx4_2xnhvnative10x4  m m 0
   TRACE PROPERTY  xcmvpp11p5x11p7_polym50p4shield  m m 0
   TRACE PROPERTY  xcmvpp4p4x4p6_m3_lim5shield  m m 0
   TRACE PROPERTY  xcmvpp11p5x11p7_m3_lim5shield  m m 0
   TRACE PROPERTY  xcmvpp8p6x7p9_m3_lim5shield  m m 0
   TRACE PROPERTY  xcmvpp11p5x11p7_lim5shield  m m 0
   TRACE PROPERTY  xcmvpp11p5x11p7_polym5shield  m m 0
   TRACE PROPERTY  xcmvpp11p5x11p7_m5shield  m m 0
   TRACE PROPERTY  xcmvpp6p8x6p1_lim4shield  m m 0
   TRACE PROPERTY  xcmvpp6p8x6p1_polym4shield  m m 0
   TRACE PROPERTY  xcmvpp11p5x11p7_polym4shield  m m 0
   TRACE PROPERTY  xcmvpp11p5x11p7_m4shield  m m 0
   TRACE PROPERTY  xcmvpp1p8x1p8  m m 0
   TRACE PROPERTY  xcmvpp4p4x4p6_m3_lishield  m m 0
   TRACE PROPERTY  xcmvpp8p6x7p9_m3_lishield  m m 0
   TRACE PROPERTY  xcmvpp11p5x11p7_m3_lishield  m m 0
   TRACE PROPERTY  xcmvpp11p5x11p7_m3shield  m m 0
   TRACE PROPERTY  xcmvpp8p6x7p9_m3shield  m m 0
   TRACE PROPERTY  xcmvpp4p4x4p6_m3shield  m m 0
   TRACE PROPERTY  xcmvpp1p8x1p8_m3shield  m m 0
   TRACE PROPERTY  xcmvpp11p5x11p7_m1m4m5shield  m m 0
   TRACE PROPERTY  xcmvpp11p5x11p7_m1m4  m m 0
   TRACE PROPERTY  xcmvpp11p5x11p7_m1m2  m m 0
   TRACE PROPERTY  xcmvpp4p4x4p6_m1m2  m m 0
   TRACE PROPERTY  xcmvpp5  m m 0
   TRACE PROPERTY  xcmvpp4  m m 0
   TRACE PROPERTY  xcmvpp3  m m 0
   TRACE PROPERTY  r(mrl1)  w w 1
   TRACE PROPERTY  r(mrl1)  l l 1
   TRACE PROPERTY  r(mrl1)  m m 0
   TRACE PROPERTY  xpwres  w w 1
   TRACE PROPERTY  xpwres  l l 1
   TRACE PROPERTY  xpwres  m m 0
   TRACE PROPERTY  r(short)  m m 0
   TRACE PROPERTY  r(fuse)  w w 1
   TRACE PROPERTY  r(fuse)  l l 1
   TRACE PROPERTY  r(fuse)  m m 0
   TRACE PROPERTY  r(metop)  metopnumber metopnumber 0
   TRACE PROPERTY  d(dnwdiode_psub_victim)  a a 10
   TRACE PROPERTY  d(dnwdiode_psub_victim)  p p 10
   TRACE PROPERTY  d(dnwdiode_psub_victim)  m m 0
   TRACE PROPERTY  d(nwdiode_victim)  a a 10
   TRACE PROPERTY  d(nwdiode_victim)  p p 10
   TRACE PROPERTY  d(nwdiode_victim)  m m 0
   TRACE PROPERTY  d(dnwdiode_psub_aggressor)  a a 10
   TRACE PROPERTY  d(dnwdiode_psub_aggressor)  p p 10
   TRACE PROPERTY  d(dnwdiode_psub_aggressor)  m m 0
   TRACE PROPERTY  d(nwdiode_aggressor)  a a 10
   TRACE PROPERTY  d(nwdiode_aggressor)  p p 10
   TRACE PROPERTY  d(nwdiode_aggressor)  m m 0

   // User Trace Property

   TRACE PROPERTY  mn(nshort)  m mult w l
   TRACE PROPERTY  mn(npass)  m mult w l
   TRACE PROPERTY  mn(nlowvt)  m mult w l
   TRACE PROPERTY  m(sonos_e)  m mult w l
   TRACE PROPERTY  m  m mult w l
   TRACE PROPERTY  m(fnpass)  m mult w l
   TRACE PROPERTY  mn(nhv)  m mult w l
   TRACE PROPERTY  mn(nhvnative)  m mult w l
   TRACE PROPERTY  mn(ntvnative)  m mult w l
   TRACE PROPERTY  mp(pshort)  m mult w l
   TRACE PROPERTY  mp  m mult w l
   TRACE PROPERTY  mp(phighvt)  m mult w l
   TRACE PROPERTY  mp(plowvt)  m mult w l
   TRACE PROPERTY  mp(phv)  m mult w l
   TRACE PROPERTY  mn(nshortesd)  m mult w l
   TRACE PROPERTY  mn(nhvesd)  m mult w l
   TRACE PROPERTY  mn(nhvnativeesd)  m mult w l
   TRACE PROPERTY  mp(phvesd)  m mult w l
   TRACE PROPERTY  nvhv  m mult w l
   TRACE PROPERTY  n20vhv1  m mult w l
   TRACE PROPERTY  n20nativevhv1  m mult w l
   TRACE PROPERTY  n20vhviso1  m mult w l
   TRACE PROPERTY  n20nativevhviso1  m mult w l
   TRACE PROPERTY  pvhv  m mult w l
   TRACE PROPERTY  p20vhv1  m mult w l
   TRACE PROPERTY  c(xcmimc1)  w l m
   TRACE PROPERTY  c(xcmimc2)  w l m
   TRACE PROPERTY  mrdn  m w l
   TRACE PROPERTY  mrdn_hv  m w l
   TRACE PROPERTY  mrdp  m w l
   TRACE PROPERTY  mrdp_hv  m w l
   TRACE PROPERTY  r(mrp1)  m w l
   TRACE PROPERTY  xhrpoly_0p35  m w l
   TRACE PROPERTY  xuhrpoly_0p35  m w l
   TRACE PROPERTY  xhrpoly_0p69  m w l
   TRACE PROPERTY  xuhrpoly_0p69  m w l
   TRACE PROPERTY  xhrpoly_1p41  m w l
   TRACE PROPERTY  xuhrpoly_1p41  m w l
   TRACE PROPERTY  xhrpoly_2p85  m w l
   TRACE PROPERTY  xuhrpoly_2p85  m w l
   TRACE PROPERTY  xhrpoly_5p73  m w l
   TRACE PROPERTY  xuhrpoly_5p73  m w l
   TRACE PROPERTY  xhrpoly  m w l segments
   TRACE PROPERTY  xuhrpoly  m w l segments



**************************************************************************************************************
                               INFORMATION AND WARNINGS
**************************************************************************************************************


                  Matched    Matched    Unmatched    Unmatched    Component
                   Layout     Source       Layout       Source    Type
                  -------    -------    ---------    ---------    ---------
   Nets:               66         66            0            0

   Instances:          32         32            0            0    MN(nshort)
                       32         32            0            0    MP(pshort)
                  -------    -------    ---------    ---------
   Total Inst:         64         64            0            0


o Statistics:

   1066 isolated layout nets were deleted.

   1 layout instance was filtered and its pins removed from adjoining nets.


o Isolated Layout Nets:

      (Layout nets which are not connected to any instances or ports).

   67(-2.925,0.005) 68(-2.925,0.345) 69(-2.925,0.685) 70(-2.925,1.025) 71(-2.925,2.285)
   72(-2.925,2.625) 73(-2.925,2.965) 74(-2.925,3.305) 75(-2.925,3.645) 76(-2.925,3.985)
   77(-0.640,0.105) 78(-0.640,0.445) 79(-0.640,0.785) 80(-0.640,1.125) 81(-0.640,2.115)
   82(-0.640,2.455) 83(-0.640,2.795) 84(-0.640,3.135) 85(-0.640,3.475) 86(-0.640,3.815)
   87(-0.640,4.155) 88(-0.425,-0.440) 89(-0.210,0.105) 90(-0.210,0.445) 91(-0.210,0.785)
   92(-0.210,1.125) 93(-0.210,2.115) 94(-0.210,2.455) 95(-0.210,2.795) 96(-0.210,3.135)
   97(-0.210,3.475) 98(-0.210,3.815) 99(-0.210,4.155) 100(2.075,0.005) 101(2.075,0.345)
   102(2.075,0.685) 103(2.075,1.025) 104(2.075,2.285) 105(2.075,2.625) 106(2.075,2.965)
   107(2.075,3.305) 108(2.075,3.645) 109(2.075,3.985) 110(4.360,0.105) 111(4.360,0.445)
   112(4.360,0.785) 113(4.360,1.125) 114(4.360,2.115) 115(4.360,2.455) 116(4.360,2.795)
   117(4.360,3.135) 118(4.360,3.475) 119(4.360,3.815) 120(4.360,4.155) 121(4.575,-0.440)
   122(4.790,0.105) 123(4.790,0.445) 124(4.790,0.785) 125(4.790,1.125) 126(4.790,2.115)
   127(4.790,2.455) 128(4.790,2.795) 129(4.790,3.135) 130(4.790,3.475) 131(4.790,3.815)
   132(4.790,4.155) 133(7.075,0.005) 134(7.075,0.345) 135(7.075,0.685) 136(7.075,1.025)
   137(7.075,2.285) 138(7.075,2.625) 139(7.075,2.965) 140(7.075,3.305) 141(7.075,3.645)
   142(7.075,3.985) 143(9.360,0.105) 144(9.360,0.445) 145(9.360,0.785) 146(9.360,1.125)
   147(9.360,2.115) 148(9.360,2.455) 149(9.360,2.795) 150(9.360,3.135) 151(9.360,3.475)
   152(9.360,3.815) 153(9.360,4.155) 154(9.575,-0.440) 155(9.790,0.105) 156(9.790,0.445)
   157(9.790,0.785) 158(9.790,1.125) 159(9.790,2.115) 160(9.790,2.455) 161(9.790,2.795)
   162(9.790,3.135) 163(9.790,3.475) 164(9.790,3.815) 165(9.790,4.155) 166(12.075,0.005)
   167(12.075,0.345) 168(12.075,0.685) 169(12.075,1.025) 170(12.075,2.285) 171(12.075,2.625)
   172(12.075,2.965) 173(12.075,3.305) 174(12.075,3.645) 175(12.075,3.985) 176(14.360,0.105)
   177(14.360,0.445) 178(14.360,0.785) 179(14.360,1.125) 180(14.360,2.115) 181(14.360,2.455)
   182(14.360,2.795) 183(14.360,3.135) 184(14.360,3.475) 185(14.360,3.815) 186(14.360,4.155)
   187(14.575,-0.440) 188(14.790,0.105) 189(14.790,0.445) 190(14.790,0.785) 191(14.790,1.125)
   192(14.790,2.115) 193(14.790,2.455) 194(14.790,2.795) 195(14.790,3.135) 196(14.790,3.475)
   197(14.790,3.815) 198(14.790,4.155) 199(17.075,0.005) 200(17.075,0.345) 201(17.075,0.685)
   202(17.075,1.025) 203(17.075,2.285) 204(17.075,2.625) 205(17.075,2.965) 206(17.075,3.305)
   207(17.075,3.645) 208(17.075,3.985) 209(19.360,0.105) 210(19.360,0.445) 211(19.360,0.785)
   212(19.360,1.125) 213(19.360,2.115) 214(19.360,2.455) 215(19.360,2.795) 216(19.360,3.135)
   217(19.360,3.475) 218(19.360,3.815) 219(19.360,4.155) 220(19.575,-0.440) 221(19.790,0.105)
   222(19.790,0.445) 223(19.790,0.785) 224(19.790,1.125) 225(19.790,2.115) 226(19.790,2.455)
   227(19.790,2.795) 228(19.790,3.135) 229(19.790,3.475) 230(19.790,3.815) 231(19.790,4.155)
   232(22.075,0.005) 233(22.075,0.345) 234(22.075,0.685) 235(22.075,1.025) 236(22.075,2.285)
   237(22.075,2.625) 238(22.075,2.965) 239(22.075,3.305) 240(22.075,3.645) 241(22.075,3.985)
   242(24.360,0.105) 243(24.360,0.445) 244(24.360,0.785) 245(24.360,1.125) 246(24.360,2.115)
   247(24.360,2.455) 248(24.360,2.795) 249(24.360,3.135) 250(24.360,3.475) 251(24.360,3.815)
   252(24.360,4.155) 253(24.575,-0.440) 254(24.790,0.105) 255(24.790,0.445) 256(24.790,0.785)
   257(24.790,1.125) 258(24.790,2.115) 259(24.790,2.455) 260(24.790,2.795) 261(24.790,3.135)
   262(24.790,3.475) 263(24.790,3.815) 264(24.790,4.155) 265(27.075,0.005) 266(27.075,0.345)
   267(27.075,0.685) 268(27.075,1.025) 269(27.075,2.285) 270(27.075,2.625) 271(27.075,2.965)
   272(27.075,3.305) 273(27.075,3.645) 274(27.075,3.985) 275(29.360,0.105) 276(29.360,0.445)
   277(29.360,0.785) 278(29.360,1.125) 279(29.360,2.115) 280(29.360,2.455) 281(29.360,2.795)
   282(29.360,3.135) 283(29.360,3.475) 284(29.360,3.815) 285(29.360,4.155) 286(29.575,-0.440)
   287(29.790,0.105) 288(29.790,0.445) 289(29.790,0.785) 290(29.790,1.125) 291(29.790,2.115)
   292(29.790,2.455) 293(29.790,2.795) 294(29.790,3.135) 295(29.790,3.475) 296(29.790,3.815)
   297(29.790,4.155) 298(32.075,0.005) 299(32.075,0.345) 300(32.075,0.685) 301(32.075,1.025)
   302(32.075,2.285) 303(32.075,2.625) 304(32.075,2.965) 305(32.075,3.305) 306(32.075,3.645)
   307(32.075,3.985) 308(34.360,0.105) 309(34.360,0.445) 310(34.360,0.785) 311(34.360,1.125)
   312(34.360,2.115) 313(34.360,2.455) 314(34.360,2.795) 315(34.360,3.135) 316(34.360,3.475)
   317(34.360,3.815) 318(34.360,4.155) 319(34.575,-0.440) 320(34.790,0.105) 321(34.790,0.445)
   322(34.790,0.785) 323(34.790,1.125) 324(34.790,2.115) 325(34.790,2.455) 326(34.790,2.795)
   327(34.790,3.135) 328(34.790,3.475) 329(34.790,3.815) 330(34.790,4.155) 331(37.075,0.005)
   332(37.075,0.345) 333(37.075,0.685) 334(37.075,1.025) 335(37.075,2.285) 336(37.075,2.625)
   337(37.075,2.965) 338(37.075,3.305) 339(37.075,3.645) 340(37.075,3.985) 341(39.360,0.105)
   342(39.360,0.445) 343(39.360,0.785) 344(39.360,1.125) 345(39.360,2.115) 346(39.360,2.455)
   347(39.360,2.795) 348(39.360,3.135) 349(39.360,3.475) 350(39.360,3.815) 351(39.360,4.155)
   352(39.575,-0.440) 353(39.790,0.105) 354(39.790,0.445) 355(39.790,0.785) 356(39.790,1.125)
   357(39.790,2.115) 358(39.790,2.455) 359(39.790,2.795) 360(39.790,3.135) 361(39.790,3.475)
   362(39.790,3.815) 363(39.790,4.155) 364(42.075,0.005) 365(42.075,0.345) 366(42.075,0.685)
   367(42.075,1.025) 368(42.075,2.285) 369(42.075,2.625) 370(42.075,2.965) 371(42.075,3.305)
   372(42.075,3.645) 373(42.075,3.985) 374(44.360,0.105) 375(44.360,0.445) 376(44.360,0.785)
   377(44.360,1.125) 378(44.360,2.115) 379(44.360,2.455) 380(44.360,2.795) 381(44.360,3.135)
   382(44.360,3.475) 383(44.360,3.815) 384(44.360,4.155) 385(44.575,-0.440) 386(44.790,0.105)
   387(44.790,0.445) 388(44.790,0.785) 389(44.790,1.125) 390(44.790,2.115) 391(44.790,2.455)
   392(44.790,2.795) 393(44.790,3.135) 394(44.790,3.475) 395(44.790,3.815) 396(44.790,4.155)
   397(47.075,0.005) 398(47.075,0.345) 399(47.075,0.685) 400(47.075,1.025) 401(47.075,2.285)
   402(47.075,2.625) 403(47.075,2.965) 404(47.075,3.305) 405(47.075,3.645) 406(47.075,3.985)
   407(49.360,0.105) 408(49.360,0.445) 409(49.360,0.785) 410(49.360,1.125) 411(49.360,2.115)
   412(49.360,2.455) 413(49.360,2.795) 414(49.360,3.135) 415(49.360,3.475) 416(49.360,3.815)
   417(49.360,4.155) 418(49.575,-0.440) 419(49.790,0.105) 420(49.790,0.445) 421(49.790,0.785)
   422(49.790,1.125) 423(49.790,2.115) 424(49.790,2.455) 425(49.790,2.795) 426(49.790,3.135)
   427(49.790,3.475) 428(49.790,3.815) 429(49.790,4.155) 430(52.075,0.005) 431(52.075,0.345)
   432(52.075,0.685) 433(52.075,1.025) 434(52.075,2.285) 435(52.075,2.625) 436(52.075,2.965)
   437(52.075,3.305) 438(52.075,3.645) 439(52.075,3.985) 440(54.360,0.105) 441(54.360,0.445)
   442(54.360,0.785) 443(54.360,1.125) 444(54.360,2.115) 445(54.360,2.455) 446(54.360,2.795)
   447(54.360,3.135) 448(54.360,3.475) 449(54.360,3.815) 450(54.360,4.155) 451(54.575,-0.440)
   452(54.790,0.105) 453(54.790,0.445) 454(54.790,0.785) 455(54.790,1.125) 456(54.790,2.115)
   457(54.790,2.455) 458(54.790,2.795) 459(54.790,3.135) 460(54.790,3.475) 461(54.790,3.815)
   462(54.790,4.155) 463(57.075,0.005) 464(57.075,0.345) 465(57.075,0.685) 466(57.075,1.025)
   467(57.075,2.285) 468(57.075,2.625) 469(57.075,2.965) 470(57.075,3.305) 471(57.075,3.645)
   472(57.075,3.985) 473(59.360,0.105) 474(59.360,0.445) 475(59.360,0.785) 476(59.360,1.125)
   477(59.360,2.115) 478(59.360,2.455) 479(59.360,2.795) 480(59.360,3.135) 481(59.360,3.475)
   482(59.360,3.815) 483(59.360,4.155) 484(59.575,-0.440) 485(59.790,0.105) 486(59.790,0.445)
   487(59.790,0.785) 488(59.790,1.125) 489(59.790,2.115) 490(59.790,2.455) 491(59.790,2.795)
   492(59.790,3.135) 493(59.790,3.475) 494(59.790,3.815) 495(59.790,4.155) 496(62.075,0.005)
   497(62.075,0.345) 498(62.075,0.685) 499(62.075,1.025) 500(62.075,2.285) 501(62.075,2.625)
   502(62.075,2.965) 503(62.075,3.305) 504(62.075,3.645) 505(62.075,3.985) 506(64.360,0.105)
   507(64.360,0.445) 508(64.360,0.785) 509(64.360,1.125) 510(64.360,2.115) 511(64.360,2.455)
   512(64.360,2.795) 513(64.360,3.135) 514(64.360,3.475) 515(64.360,3.815) 516(64.360,4.155)
   517(64.575,-0.440) 518(64.790,0.105) 519(64.790,0.445) 520(64.790,0.785) 521(64.790,1.125)
   522(64.790,2.115) 523(64.790,2.455) 524(64.790,2.795) 525(64.790,3.135) 526(64.790,3.475)
   527(64.790,3.815) 528(64.790,4.155) 529(67.075,0.005) 530(67.075,0.345) 531(67.075,0.685)
   532(67.075,1.025) 533(67.075,2.285) 534(67.075,2.625) 535(67.075,2.965) 536(67.075,3.305)
   537(67.075,3.645) 538(67.075,3.985) 539(69.360,0.105) 540(69.360,0.445) 541(69.360,0.785)
   542(69.360,1.125) 543(69.360,2.115) 544(69.360,2.455) 545(69.360,2.795) 546(69.360,3.135)
   547(69.360,3.475) 548(69.360,3.815) 549(69.360,4.155) 550(69.575,-0.440) 551(69.790,0.105)
   552(69.790,0.445) 553(69.790,0.785) 554(69.790,1.125) 555(69.790,2.115) 556(69.790,2.455)
   557(69.790,2.795) 558(69.790,3.135) 559(69.790,3.475) 560(69.790,3.815) 561(69.790,4.155)
   562(72.075,0.005) 563(72.075,0.345) 564(72.075,0.685) 565(72.075,1.025) 566(72.075,2.285)
   567(72.075,2.625) 568(72.075,2.965) 569(72.075,3.305) 570(72.075,3.645) 571(72.075,3.985)
   572(74.360,0.105) 573(74.360,0.445) 574(74.360,0.785) 575(74.360,1.125) 576(74.360,2.115)
   577(74.360,2.455) 578(74.360,2.795) 579(74.360,3.135) 580(74.360,3.475) 581(74.360,3.815)
   582(74.360,4.155) 583(74.575,-0.440) 584(74.790,0.105) 585(74.790,0.445) 586(74.790,0.785)
   587(74.790,1.125) 588(74.790,2.115) 589(74.790,2.455) 590(74.790,2.795) 591(74.790,3.135)
   592(74.790,3.475) 593(74.790,3.815) 594(74.790,4.155) 595(77.075,0.005) 596(77.075,0.345)
   597(77.075,0.685) 598(77.075,1.025) 599(77.075,2.285) 600(77.075,2.625) 601(77.075,2.965)
   602(77.075,3.305) 603(77.075,3.645) 604(77.075,3.985) 605(79.360,0.105) 606(79.360,0.445)
   607(79.360,0.785) 608(79.360,1.125) 609(79.360,2.115) 610(79.360,2.455) 611(79.360,2.795)
   612(79.360,3.135) 613(79.360,3.475) 614(79.360,3.815) 615(79.360,4.155) 616(79.575,-0.440)
   617(79.790,0.105) 618(79.790,0.445) 619(79.790,0.785) 620(79.790,1.125) 621(79.790,2.115)
   622(79.790,2.455) 623(79.790,2.795) 624(79.790,3.135) 625(79.790,3.475) 626(79.790,3.815)
   627(79.790,4.155) 628(82.075,0.005) 629(82.075,0.345) 630(82.075,0.685) 631(82.075,1.025)
   632(82.075,2.285) 633(82.075,2.625) 634(82.075,2.965) 635(82.075,3.305) 636(82.075,3.645)
   637(82.075,3.985) 638(84.360,0.105) 639(84.360,0.445) 640(84.360,0.785) 641(84.360,1.125)
   642(84.360,2.115) 643(84.360,2.455) 644(84.360,2.795) 645(84.360,3.135) 646(84.360,3.475)
   647(84.360,3.815) 648(84.360,4.155) 649(84.575,-0.440) 650(84.790,0.105) 651(84.790,0.445)
   652(84.790,0.785) 653(84.790,1.125) 654(84.790,2.115) 655(84.790,2.455) 656(84.790,2.795)
   657(84.790,3.135) 658(84.790,3.475) 659(84.790,3.815) 660(84.790,4.155) 661(87.075,0.005)
   662(87.075,0.345) 663(87.075,0.685) 664(87.075,1.025) 665(87.075,2.285) 666(87.075,2.625)
   667(87.075,2.965) 668(87.075,3.305) 669(87.075,3.645) 670(87.075,3.985) 671(89.360,0.105)
   672(89.360,0.445) 673(89.360,0.785) 674(89.360,1.125) 675(89.360,2.115) 676(89.360,2.455)
   677(89.360,2.795) 678(89.360,3.135) 679(89.360,3.475) 680(89.360,3.815) 681(89.360,4.155)
   682(89.575,-0.440) 683(89.790,0.105) 684(89.790,0.445) 685(89.790,0.785) 686(89.790,1.125)
   687(89.790,2.115) 688(89.790,2.455) 689(89.790,2.795) 690(89.790,3.135) 691(89.790,3.475)
   692(89.790,3.815) 693(89.790,4.155) 694(92.075,0.005) 695(92.075,0.345) 696(92.075,0.685)
   697(92.075,1.025) 698(92.075,2.285) 699(92.075,2.625) 700(92.075,2.965) 701(92.075,3.305)
   702(92.075,3.645) 703(92.075,3.985) 704(94.360,0.105) 705(94.360,0.445) 706(94.360,0.785)
   707(94.360,1.125) 708(94.360,2.115) 709(94.360,2.455) 710(94.360,2.795) 711(94.360,3.135)
   712(94.360,3.475) 713(94.360,3.815) 714(94.360,4.155) 715(94.575,-0.440) 716(94.790,0.105)
   717(94.790,0.445) 718(94.790,0.785) 719(94.790,1.125) 720(94.790,2.115) 721(94.790,2.455)
   722(94.790,2.795) 723(94.790,3.135) 724(94.790,3.475) 725(94.790,3.815) 726(94.790,4.155)
   727(97.075,0.005) 728(97.075,0.345) 729(97.075,0.685) 730(97.075,1.025) 731(97.075,2.285)
   732(97.075,2.625) 733(97.075,2.965) 734(97.075,3.305) 735(97.075,3.645) 736(97.075,3.985)
   737(99.360,0.105) 738(99.360,0.445) 739(99.360,0.785) 740(99.360,1.125) 741(99.360,2.115)
   742(99.360,2.455) 743(99.360,2.795) 744(99.360,3.135) 745(99.360,3.475) 746(99.360,3.815)
   747(99.360,4.155) 748(99.575,-0.440) 749(99.790,0.105) 750(99.790,0.445) 751(99.790,0.785)
   752(99.790,1.125) 753(99.790,2.115) 754(99.790,2.455) 755(99.790,2.795) 756(99.790,3.135)
   757(99.790,3.475) 758(99.790,3.815) 759(99.790,4.155) 760(102.075,0.005) 761(102.075,0.345)
   762(102.075,0.685) 763(102.075,1.025) 764(102.075,2.285) 765(102.075,2.625)
   766(102.075,2.965) 767(102.075,3.305) 768(102.075,3.645) 769(102.075,3.985)
   770(104.360,0.105) 771(104.360,0.445) 772(104.360,0.785) 773(104.360,1.125)
   774(104.360,2.115) 775(104.360,2.455) 776(104.360,2.795) 777(104.360,3.135)
   778(104.360,3.475) 779(104.360,3.815) 780(104.360,4.155) 781(104.575,-0.440)
   782(104.790,0.105) 783(104.790,0.445) 784(104.790,0.785) 785(104.790,1.125)
   786(104.790,2.115) 787(104.790,2.455) 788(104.790,2.795) 789(104.790,3.135)
   790(104.790,3.475) 791(104.790,3.815) 792(104.790,4.155) 793(107.075,0.005)
   794(107.075,0.345) 795(107.075,0.685) 796(107.075,1.025) 797(107.075,2.285)
   798(107.075,2.625) 799(107.075,2.965) 800(107.075,3.305) 801(107.075,3.645)
   802(107.075,3.985) 803(109.360,0.105) 804(109.360,0.445) 805(109.360,0.785)
   806(109.360,1.125) 807(109.360,2.115) 808(109.360,2.455) 809(109.360,2.795)
   810(109.360,3.135) 811(109.360,3.475) 812(109.360,3.815) 813(109.360,4.155)
   814(109.575,-0.440) 815(109.790,0.105) 816(109.790,0.445) 817(109.790,0.785)
   818(109.790,1.125) 819(109.790,2.115) 820(109.790,2.455) 821(109.790,2.795)
   822(109.790,3.135) 823(109.790,3.475) 824(109.790,3.815) 825(109.790,4.155)
   826(112.075,0.005) 827(112.075,0.345) 828(112.075,0.685) 829(112.075,1.025)
   830(112.075,2.285) 831(112.075,2.625) 832(112.075,2.965) 833(112.075,3.305)
   834(112.075,3.645) 835(112.075,3.985) 836(114.360,0.105) 837(114.360,0.445)
   838(114.360,0.785) 839(114.360,1.125) 840(114.360,2.115) 841(114.360,2.455)
   842(114.360,2.795) 843(114.360,3.135) 844(114.360,3.475) 845(114.360,3.815)
   846(114.360,4.155) 847(114.575,-0.440) 848(114.790,0.105) 849(114.790,0.445)
   850(114.790,0.785) 851(114.790,1.125) 852(114.790,2.115) 853(114.790,2.455)
   854(114.790,2.795) 855(114.790,3.135) 856(114.790,3.475) 857(114.790,3.815)
   858(114.790,4.155) 859(117.075,0.005) 860(117.075,0.345) 861(117.075,0.685)
   862(117.075,1.025) 863(117.075,2.285) 864(117.075,2.625) 865(117.075,2.965)
   866(117.075,3.305) 867(117.075,3.645) 868(117.075,3.985) 869(119.360,0.105)
   870(119.360,0.445) 871(119.360,0.785) 872(119.360,1.125) 873(119.360,2.115)
   874(119.360,2.455) 875(119.360,2.795) 876(119.360,3.135) 877(119.360,3.475)
   878(119.360,3.815) 879(119.360,4.155) 880(119.575,-0.440) 881(119.790,0.105)
   882(119.790,0.445) 883(119.790,0.785) 884(119.790,1.125) 885(119.790,2.115)
   886(119.790,2.455) 887(119.790,2.795) 888(119.790,3.135) 889(119.790,3.475)
   890(119.790,3.815) 891(119.790,4.155) 892(122.075,0.005) 893(122.075,0.345)
   894(122.075,0.685) 895(122.075,1.025) 896(122.075,2.285) 897(122.075,2.625)
   898(122.075,2.965) 899(122.075,3.305) 900(122.075,3.645) 901(122.075,3.985)
   902(124.360,0.105) 903(124.360,0.445) 904(124.360,0.785) 905(124.360,1.125)
   906(124.360,2.115) 907(124.360,2.455) 908(124.360,2.795) 909(124.360,3.135)
   910(124.360,3.475) 911(124.360,3.815) 912(124.360,4.155) 913(124.575,-0.440)
   914(124.790,0.105) 915(124.790,0.445) 916(124.790,0.785) 917(124.790,1.125)
   918(124.790,2.115) 919(124.790,2.455) 920(124.790,2.795) 921(124.790,3.135)
   922(124.790,3.475) 923(124.790,3.815) 924(124.790,4.155) 925(127.075,0.005)
   926(127.075,0.345) 927(127.075,0.685) 928(127.075,1.025) 929(127.075,2.285)
   930(127.075,2.625) 931(127.075,2.965) 932(127.075,3.305) 933(127.075,3.645)
   934(127.075,3.985) 935(129.360,0.105) 936(129.360,0.445) 937(129.360,0.785)
   938(129.360,1.125) 939(129.360,2.115) 940(129.360,2.455) 941(129.360,2.795)
   942(129.360,3.135) 943(129.360,3.475) 944(129.360,3.815) 945(129.360,4.155)
   946(129.575,-0.440) 947(129.790,0.105) 948(129.790,0.445) 949(129.790,0.785)
   950(129.790,1.125) 951(129.790,2.115) 952(129.790,2.455) 953(129.790,2.795)
   954(129.790,3.135) 955(129.790,3.475) 956(129.790,3.815) 957(129.790,4.155)
   958(132.075,0.005) 959(132.075,0.345) 960(132.075,0.685) 961(132.075,1.025)
   962(132.075,2.285) 963(132.075,2.625) 964(132.075,2.965) 965(132.075,3.305)
   966(132.075,3.645) 967(132.075,3.985) 968(134.360,0.105) 969(134.360,0.445)
   970(134.360,0.785) 971(134.360,1.125) 972(134.360,2.115) 973(134.360,2.455)
   974(134.360,2.795) 975(134.360,3.135) 976(134.360,3.475) 977(134.360,3.815)
   978(134.360,4.155) 979(134.575,-0.440) 980(134.790,0.105) 981(134.790,0.445)
   982(134.790,0.785) 983(134.790,1.125) 984(134.790,2.115) 985(134.790,2.455)
   986(134.790,2.795) 987(134.790,3.135) 988(134.790,3.475) 989(134.790,3.815)
   990(134.790,4.155) 991(137.075,0.005) 992(137.075,0.345) 993(137.075,0.685)
   994(137.075,1.025) 995(137.075,2.285) 996(137.075,2.625) 997(137.075,2.965)
   998(137.075,3.305) 999(137.075,3.645) 1000(137.075,3.985) 1001(139.360,0.105)
   1002(139.360,0.445) 1003(139.360,0.785) 1004(139.360,1.125) 1005(139.360,2.115)
   1006(139.360,2.455) 1007(139.360,2.795) 1008(139.360,3.135) 1009(139.360,3.475)
   1010(139.360,3.815) 1011(139.360,4.155) 1012(139.575,-0.440) 1013(139.790,0.105)
   1014(139.790,0.445) 1015(139.790,0.785) 1016(139.790,1.125) 1017(139.790,2.115)
   1018(139.790,2.455) 1019(139.790,2.795) 1020(139.790,3.135) 1021(139.790,3.475)
   1022(139.790,3.815) 1023(139.790,4.155) 1024(142.075,0.005) 1025(142.075,0.345)
   1026(142.075,0.685) 1027(142.075,1.025) 1028(142.075,2.285) 1029(142.075,2.625)
   1030(142.075,2.965) 1031(142.075,3.305) 1032(142.075,3.645) 1033(142.075,3.985)
   1034(144.360,0.105) 1035(144.360,0.445) 1036(144.360,0.785) 1037(144.360,1.125)
   1038(144.360,2.115) 1039(144.360,2.455) 1040(144.360,2.795) 1041(144.360,3.135)
   1042(144.360,3.475) 1043(144.360,3.815) 1044(144.360,4.155) 1045(144.575,-0.440)
   1046(144.790,0.105) 1047(144.790,0.445) 1048(144.790,0.785) 1049(144.790,1.125)
   1050(144.790,2.115) 1051(144.790,2.455) 1052(144.790,2.795) 1053(144.790,3.135)
   1054(144.790,3.475) 1055(144.790,3.815) 1056(144.790,4.155) 1057(147.075,0.005)
   1058(147.075,0.345) 1059(147.075,0.685) 1060(147.075,1.025) 1061(147.075,2.285)
   1062(147.075,2.625) 1063(147.075,2.965) 1064(147.075,3.305) 1065(147.075,3.645)
   1066(147.075,3.985) 1067(149.360,0.105) 1068(149.360,0.445) 1069(149.360,0.785)
   1070(149.360,1.125) 1071(149.360,2.115) 1072(149.360,2.455) 1073(149.360,2.795)
   1074(149.360,3.135) 1075(149.360,3.475) 1076(149.360,3.815) 1077(149.360,4.155)
   1078(149.575,-0.440) 1079(149.790,0.105) 1080(149.790,0.445) 1081(149.790,0.785)
   1082(149.790,1.125) 1083(149.790,2.115) 1084(149.790,2.455) 1085(149.790,2.795)
   1086(149.790,3.135) 1087(149.790,3.475) 1088(149.790,3.815) 1089(149.790,4.155)
   1090(152.075,0.005) 1091(152.075,0.345) 1092(152.075,0.685) 1093(152.075,1.025)
   1094(152.075,2.285) 1095(152.075,2.625) 1096(152.075,2.965) 1097(152.075,3.305)
   1098(152.075,3.645) 1099(152.075,3.985) 1100(154.360,0.105) 1101(154.360,0.445)
   1102(154.360,0.785) 1103(154.360,1.125) 1104(154.360,2.115) 1105(154.360,2.455)
   1106(154.360,2.795) 1107(154.360,3.135) 1108(154.360,3.475) 1109(154.360,3.815)
   1110(154.360,4.155) 1111(154.575,-0.440) 1112(154.790,0.105) 1113(154.790,0.445)
   1114(154.790,0.785) 1115(154.790,1.125) 1116(154.790,2.115) 1117(154.790,2.455)
   1118(154.790,2.795) 1119(154.790,3.135) 1120(154.790,3.475) 1121(154.790,3.815)
   1122(154.790,4.155) 1123(157.075,0.005) 1124(157.075,0.345) 1125(157.075,0.685)
   1126(157.075,1.025) 1127(157.075,2.285) 1128(157.075,2.625) 1129(157.075,2.965)
   1130(157.075,3.305) 1131(157.075,3.645) 1132(157.075,3.985)


o Initial Correspondence Points:

   Nets:         din_0 din_b_0 din_1 din_b_1 din_2 din_b_2 din_3 din_b_3 din_4 din_b_4 din_5
                 din_b_5 din_6 din_b_6 din_7 din_b_7 din_8 din_b_8 din_9 din_b_9 din_10 din_b_10
                 din_11 din_b_11 din_12 din_b_12 din_13 din_b_13 din_14 din_b_14 din_15 din_b_15
                 din_16 din_b_16 din_17 din_b_17 din_18 din_b_18 din_19 din_b_19 din_20 din_b_20
                 din_21 din_b_21 din_22 din_b_22 din_23 din_b_23 din_24 din_b_24 din_25 din_b_25
                 din_26 din_b_26 din_27 din_b_27 din_28 din_b_28 din_29 din_b_29 din_30 din_b_30
                 din_31 din_b_31 vdd vss


**************************************************************************************************************
                                         SUMMARY
**************************************************************************************************************

Total CPU Time:      0 sec
Total Elapsed Time:  1 sec
